2025-02-09 02:46:29.951: [INFO][Sync] Reset engine, reason: 8
2025-02-09 02:46:29.951: [INFO][Sync] Stopped: Bookmarks
2025-02-09 02:46:29.951: [INFO][Sync] Stopped: Preferences
2025-02-09 02:46:29.951: [INFO][Sync] Stopped: Passwords
2025-02-09 02:46:29.951: [INFO][Sync] Stopped: Autofill Profiles
2025-02-09 02:46:29.951: [INFO][Sync] Stopped: Autofill
2025-02-09 02:46:29.951: [INFO][Sync] Stopped: Extensions
2025-02-09 02:46:29.951: [INFO][Sync] Stopped: Sessions
2025-02-09 02:46:29.951: [INFO][Sync] Stopped: Extension settings
2025-02-09 02:46:29.951: [INFO][Sync] Stopped: History Delete Directives
2025-02-09 02:46:29.951: [INFO][Sync] Stopped: Device Info
2025-02-09 02:46:29.951: [INFO][Sync] Stopped: User Consents
2025-02-09 02:46:29.951: [INFO][Sync] Stopped: Send Tab To Self
2025-02-09 02:46:29.951: [INFO][Sync] Stopped: Web Apps
2025-02-09 02:46:29.951: [INFO][Sync] Stopped: History
2025-02-09 02:46:29.951: [INFO][Sync] Stopped: Collection
2025-02-09 02:46:29.951: [INFO][Sync] Stopped: Edge E Drop
2025-02-09 02:46:29.951: [INFO][Sync] Stopped: Edge Hub App Usage
2025-02-09 02:46:29.951: [INFO][Sync] Stopped: Edge Tab Group
2025-02-09 02:46:29.951: [INFO][Sync] Stopped: Edge Wallet
2025-02-09 02:46:29.951: [INFO][Sync] SyncState after authenticated was: NotSignedIn
2025-02-09 02:46:34.200: [INFO][Sync] Reset engine, reason: 8
2025-02-09 02:46:34.200: [INFO][Sync] Stopped: Bookmarks
2025-02-09 02:46:34.200: [INFO][Sync] Stopped: Preferences
2025-02-09 02:46:34.200: [INFO][Sync] Stopped: Passwords
2025-02-09 02:46:34.200: [INFO][Sync] Stopped: Autofill Profiles
2025-02-09 02:46:34.200: [INFO][Sync] Stopped: Autofill
2025-02-09 02:46:34.200: [INFO][Sync] Stopped: Extensions
2025-02-09 02:46:34.200: [INFO][Sync] Stopped: Sessions
2025-02-09 02:46:34.200: [INFO][Sync] Stopped: Extension settings
2025-02-09 02:46:34.200: [INFO][Sync] Stopped: History Delete Directives
2025-02-09 02:46:34.200: [INFO][Sync] Stopped: Device Info
2025-02-09 02:46:34.200: [INFO][Sync] Stopped: User Consents
2025-02-09 02:46:34.200: [INFO][Sync] Stopped: Send Tab To Self
2025-02-09 02:46:34.200: [INFO][Sync] Stopped: Web Apps
2025-02-09 02:46:34.200: [INFO][Sync] Stopped: History
2025-02-09 02:46:34.200: [INFO][Sync] Stopped: Collection
2025-02-09 02:46:34.200: [INFO][Sync] Stopped: Edge E Drop
2025-02-09 02:46:34.200: [INFO][Sync] Stopped: Edge Hub App Usage
2025-02-09 02:46:34.200: [INFO][Sync] Stopped: Edge Tab Group
2025-02-09 02:46:34.200: [INFO][Sync] Stopped: Edge Wallet
2025-02-09 03:01:51.474: [INFO][Sync] Reset engine, reason: 0
2025-02-09 13:15:02.121: [INFO][Sync] SyncState after authenticated was: FeatureNotSetup
2025-02-09 15:32:49.607: [INFO][Sync] SyncState after authenticated was: FeatureNotSetup
2025-02-09 18:49:56.038: [INFO][Sync] Reset engine, reason: 0
