2025-02-09 02:46:31.000: [INFO] VisibilityChanged: 0
2025-02-09 02:46:31.025: [INFO] RecordSyncInitDurationhas_sync_been_enabled: 0 state: 0
2025-02-09 02:46:31.025: [INFO] RecordSyncInitDurationhas_sync_been_enabled: 0 state: 0
2025-02-09 02:46:31.025: [INFO] RecordSyncInitDurationhas_sync_been_enabled: 0 state: 0
2025-02-09 02:46:31.026: [INFO] RecordSyncInitDurationhas_sync_been_enabled: 0 state: 0
2025-02-09 02:46:31.026: [INFO] RecordSyncInitDurationhas_sync_been_enabled: 0 state: 0
2025-02-09 02:46:31.026: [INFO] RecordSyncInitDurationhas_sync_been_enabled: 0 state: 0
2025-02-09 02:46:31.026: [INFO] RecordSyncInitDurationhas_sync_been_enabled: 0 state: 0
2025-02-09 02:46:31.026: [INFO] RecordSyncInitDurationhas_sync_been_enabled: 0 state: 0
2025-02-09 02:46:31.026: [INFO] RecordSyncInitDurationhas_sync_been_enabled: 0 state: 0
2025-02-09 02:46:31.026: [INFO] RecordSyncInitDurationhas_sync_been_enabled: 0 state: 0
2025-02-09 02:46:31.027: [INFO] RecordSyncInitDurationhas_sync_been_enabled: 0 state: 0
2025-02-09 02:46:31.049: [INFO] BookmarkModelLoaded, ids_reassigned: 0
2025-02-09 02:46:31.049: [INFO] OnDoneLoading sync enabled: 0
2025-02-09 02:46:34.201: [INFO] RecordSyncInitDurationhas_sync_been_enabled: 0 state: 0
2025-02-09 02:46:55.052: [INFO] Primary account changed.
2025-02-09 02:46:55.052: [INFO] OnPrimaryAccountChangedPrimaryAccountChangeEvent::Type::kSet
2025-02-09 02:46:56.264: [INFO] RecordSyncInitDurationhas_sync_been_enabled: 0 state: 0
2025-02-09 02:46:59.853: [INFO] RecordSyncInitDurationhas_sync_been_enabled: 0 state: 0
2025-02-09 02:46:59.905: [INFO] RecordSyncInitDurationhas_sync_been_enabled: 0 state: 0
2025-02-09 13:15:05.182: [INFO] VisibilityChanged: 0
2025-02-09 13:15:05.769: [INFO] BookmarkModelLoaded, ids_reassigned: 0
2025-02-09 13:15:05.769: [INFO] OnDoneLoading sync enabled: 0
2025-02-09 15:32:55.301: [INFO] VisibilityChanged: 0
2025-02-09 15:33:01.692: [INFO] BookmarkModelLoaded, ids_reassigned: 0
2025-02-09 15:33:01.692: [INFO] OnDoneLoading sync enabled: 0
